[16:24:57] [main/INFO] (FabricLoader/GameProvider) Loading Minecraft 1.16.5 with Fabric Loader 0.17.2
[16:24:58] [main/INFO] (FabricLoader) Loading 50 mods:
	- fabric 0.42.0+1.16
	- fabric-api-base 0.4.0+3cc0f0907d
	- fabric-api-lookup-api-v1 1.3.1+3cc0f0907d
	- fabric-biome-api-v1 3.1.13+3cc0f0907d
	- fabric-blockrenderlayer-v1 1.1.6+3cc0f0907d
	- fabric-command-api-v1 1.1.3+3cc0f0907d
	- fabric-commands-v0 0.2.3+3cc0f0907d
	- fabric-containers-v0 0.1.12+3cc0f0907d
	- fabric-content-registries-v0 0.2.5+3cc0f0907d
	- fabric-crash-report-info-v1 0.1.4+3cc0f0907d
	- fabric-dimensions-v1 2.0.8+3cc0f0907d
	- fabric-entity-events-v1 1.2.4+3cc0f0907d
	- fabric-events-interaction-v0 0.4.5+3cc0f0907d
	- fabric-events-lifecycle-v0 0.2.2+3cc0f0907d
	- fabric-game-rule-api-v1 1.0.7+3cc0f0907d
	- fabric-item-api-v1 1.2.2+3cc0f0907d
	- fabric-item-groups-v0 0.3.1+3cc0f0907d
	- fabric-key-binding-api-v1 1.0.5+3cc0f0907d
	- fabric-keybindings-v0 0.2.2+3cc0f0907d
	- fabric-lifecycle-events-v1 1.2.2+3cc0f0907d
	- fabric-loot-tables-v1 1.0.3+3cc0f0907d
	- fabric-mining-levels-v0 0.1.4+3cc0f0907d
	- fabric-models-v0 0.3.1+3cc0f0907d
	- fabric-networking-api-v1 1.0.5+3cc0f0907d
	- fabric-networking-blockentity-v0 0.2.9+3cc0f0907d
	- fabric-networking-v0 0.3.3+3cc0f0907d
	- fabric-object-builder-api-v1 1.9.6+3cc0f0907d
	- fabric-object-builders-v0 0.7.3+3cc0f0907d
	- fabric-particles-v1 0.2.5+3cc0f0907d
	- fabric-registry-sync-v0 0.7.6+3cc0f0907d
	- fabric-renderer-api-v1 0.4.5+3cc0f0907d
	- fabric-renderer-indigo 0.4.5+3cc0f0907d
	- fabric-renderer-registries-v1 2.3.1+3cc0f0907d
	- fabric-rendering-data-attachment-v1 0.1.6+3cc0f0907d
	- fabric-rendering-fluids-v1 0.1.15+3cc0f0907d
	- fabric-rendering-v0 1.1.3+3cc0f0907d
	- fabric-rendering-v1 1.6.1+3cc0f0907d
	- fabric-resource-loader-v0 0.4.8+3cc0f0907d
	- fabric-screen-api-v1 1.0.1+3cc0f0907d
	- fabric-screen-handler-api-v1 1.1.6+3cc0f0907d
	- fabric-structure-api-v1 1.1.12+3cc0f0907d
	- fabric-tag-extensions-v0 1.1.2+3cc0f0907d
	- fabric-textures-v0 1.0.7+3cc0f0907d
	- fabric-tool-attribute-api-v1 1.2.8+3cc0f0907d
	- fabric-transfer-api-v1 1.5.0+3cc0f0907d
	- fabricloader 0.17.2
	- java 8
	- minecraft 1.16.5
	- mixinextras 0.5.0
	- vortexclient 1.0.0
[16:24:58] [main/INFO] (FabricLoader/Mixin) SpongePowered MIXIN Subsystem Version=0.8.7 Source=file:/home/kolyan/.gradle/caches/modules-2/files-2.1/net.fabricmc/sponge-mixin/0.16.3+mixin.0.8.7/3e535042688d1265447e52ad86950b7d9678a5fa/sponge-mixin-0.16.3+mixin.0.8.7.jar Service=Knot/Fabric Env=CLIENT
[16:24:58] [main/INFO] (FabricLoader/Mixin) Loaded Fabric development mappings for mixin remapper!
[16:25:02] [main/INFO] (FabricLoader/MixinExtras|Service) Initializing MixinExtras via com.llamalad7.mixinextras.service.MixinExtrasServiceImpl(version=0.5.0).
[16:25:25] [main/INFO] (Minecraft) Environment: authHost='https://authserver.mojang.com', accountsHost='https://api.mojang.com', sessionHost='https://sessionserver.mojang.com', servicesHost='https://api.minecraftservices.com', name='PROD'
[16:25:27] [main/INFO] (Minecraft) Setting user: Player624
[16:25:30] [main/INFO] (Indigo) [Indigo] Registering Indigo renderer!
[16:25:33] [main/INFO] (Minecraft) Backend library: LWJGL version 3.3.2-snapshot
[16:25:44] [main/INFO] (Minecraft) Narrator library successfully loaded
[16:25:45] [main/INFO] (Minecraft) Reloading ResourceManager: Default, Fabric Mods (Fabric Entity Events (v1), Fabric Loot Tables (v1), Fabric Lifecycle Events (v1), Fabric Loader, Fabric Structure API (v1), Fabric API, Fabric Mining Levels (v0), Fabric Crash Report Info (v1), Fabric Events Lifecycle (v0), Fabric Rendering (v1), Fabric Transfer API (v1), Fabric Command API (v1), Fabric BlockRenderLayer Registration (v1), Fabric Key Binding API (v1), Fabric Key Bindings (v0), Fabric Dimensions API (v1), Fabric Renderer API (v1), Fabric Object Builders (v0), Fabric Item Groups (v0), Fabric Commands (v0), Fabric Screen Handler API (v1), Fabric Item API (v1), Fabric Networking Block Entity (v0), Fabric Biome API (v1), Fabric Networking API (v1), Fabric Tag Extensions (v0), Fabric Screen API (v1), Fabric API Base, Fabric Game Rule API (v1), Fabric Rendering Data Attachment (v1), Fabric API Lookup API (v1), Fabric Rendering (v0), Fabric Registry Sync (v0), Fabric Object Builder API (v1), Fabric Textures (v0), Fabric Particles (v1), Fabric Rendering Fluids (v1), Fabric Networking (v0), Fabric Renderer - Indigo, Fabric Content Registries (v0), Fabric Resource Loader (v0), Fabric Renderer Registries (v1), Fabric Containers (v0), VortexClient, Fabric Models (v0), Fabric Events Interaction (v0), Fabric Tool Attribute API (v1))
